<?xml version="1.0" encoding="UTF-8"?>
<!-- Generated by org.testng.reporters.JUnitXMLReporter -->
<testsuite ignored="2" hostname="DESKTOP-LKTEIC3" failures="0" tests="1" name="Default test" time="19.772" errors="0" timestamp="2020-12-16T23:10:05 IST">
  <testcase classname="com.qa.api.gorest.Tests.GetImgurAPITest" name="getAccountImageStatus" time="12.941"/>
  <testcase classname="com.qa.api.gorest.Tests.GetImgurAPITest" name="uplaodImagePostApiTest" time="0.0">
    <ignored/>
  </testcase> <!-- uplaodImagePostApiTest -->
  <testcase classname="com.qa.api.gorest.Tests.GetImgurAPITest" name="getAccountBloclStatus" time="0.0">
    <ignored/>
  </testcase> <!-- getAccountBloclStatus -->
</testsuite> <!-- Default test -->
