<?xml version="1.0" encoding="UTF-8"?>
<!-- Generated by org.testng.reporters.JUnitXMLReporter -->
<testsuite ignored="1" hostname="DESKTOP-LKTEIC3" failures="0" tests="1" name="Default test" time="3.772" errors="0" timestamp="2020-12-14T23:46:22 IST">
  <testcase classname="com.qa.api.gorest.Tests.GetUsersTest" name="getAllUsersWithQueryParamsTest" time="3.699"/>
  <testcase classname="com.qa.api.gorest.Tests.GetUsersTest" name="getAllUsersAPITest" time="0.0">
    <ignored/>
  </testcase> <!-- getAllUsersAPITest -->
</testsuite> <!-- Default test -->
