<?xml version="1.0" encoding="UTF-8"?>
<testng-results ignored="0" total="1" passed="1" failed="0" skipped="0">
  <reporter-output>
  </reporter-output>
  <suite started-at="2020-12-17T03:36:57 IST" name="Default suite" finished-at="2020-12-17T03:37:03 IST" duration-ms="5596">
    <groups>
    </groups>
    <test started-at="2020-12-17T03:36:57 IST" name="Default test" finished-at="2020-12-17T03:37:03 IST" duration-ms="5596">
      <class name="com.qa.api.gorest.Tests.DeleteUsers">
        <test-method signature="deleteUserTest()[pri:0, instance:com.qa.api.gorest.Tests.DeleteUsers@693fe6c9]" started-at="2020-12-17T03:36:57 IST" name="deleteUserTest" finished-at="2020-12-17T03:37:03 IST" duration-ms="5526" status="PASS">
          <reporter-output>
          </reporter-output>
        </test-method> <!-- deleteUserTest -->
      </class> <!-- com.qa.api.gorest.Tests.DeleteUsers -->
    </test> <!-- Default test -->
  </suite> <!-- Default suite -->
</testng-results>
