<?xml version="1.0" encoding="UTF-8"?>
<testng-results ignored="0" total="1" passed="1" failed="0" skipped="0">
  <reporter-output>
  </reporter-output>
  <suite started-at="2020-12-17T15:07:12 IST" name="Default suite" finished-at="2020-12-17T15:07:22 IST" duration-ms="9262">
    <groups>
    </groups>
    <test started-at="2020-12-17T15:07:12 IST" name="Default test" finished-at="2020-12-17T15:07:22 IST" duration-ms="9262">
      <class name="com.qa.api.gorest.Tests.FinalBookingPojo">
        <test-method signature="createBooking()[pri:0, instance:com.qa.api.gorest.Tests.FinalBookingPojo@693fe6c9]" started-at="2020-12-17T15:07:12 IST" name="createBooking" finished-at="2020-12-17T15:07:22 IST" duration-ms="9195" status="PASS">
          <reporter-output>
          </reporter-output>
        </test-method> <!-- createBooking -->
      </class> <!-- com.qa.api.gorest.Tests.FinalBookingPojo -->
    </test> <!-- Default test -->
  </suite> <!-- Default suite -->
</testng-results>
